#20210831 masa
ruby genetics_diffusion_v2.rb
ruby genetics_diffusion_v2.rb -h
ruby genetics_diffusion_v4.rb
ruby scripts/genetics_diffusion_v4.rb

# 20210910
ruby genetics_diffusion_v5.rb

# 20210915
# v5 same genotypes at init cells
ruby scripts/genetics_diffusion_v5.rb -hm 0.002 -cm 0.002 -lm 0.002 -hd 0.2 -cd 0.2 -ld 0.2 -n 1000
ruby genetics_diffusion_v6_only_human.rb -hm 0.0 -n 1000
ruby genetics_diffusion_v6_only_human.rb -hm 0.001 -n 1000

# v6 random genotypes at init cells
# No mutation (base case)
ruby scripts/genetics_diffusion_v6.rb -hm 0.0 -cm 0.001 -lm 0.001 -hd 0.2 -cd 0.2 -ld 0.2 -n 1000
# Small mutation rate
ruby scripts/genetics_diffusion_v6.rb -hm 0.001 -cm 0.001 -lm 0.001 -hd 0.2 -cd 0.2 -ld 0.2 -n 1000

# 20210917
ruby genetics_diffusion_v6_only_human_no_spatial_structure.rb -hm 0.0 -n 1000
ruby scripts/genetics_diffusion_v6.rb -hm 0.001 -cm 0.001 -lm 0.001 -hd 0.2 -cd 0.2 -ld 0.2 -n 1000

# 20210918 v7 
# no limitation of cell only for lang, but death rate is high
# ruby genetics_diffusion_v7.rb -hm 0.001 -cm 0.001 -lm 0.001 -hd 0.2 -cd 0.2 -ld 0.8 -ct 0.0 -lt 0.0 -n 1000
# ruby genetics_diffusion_v7.rb -hm 0.001 -cm 0.001 -lm 0.001 -hd 0.2 -cd 0.2 -lb 0.7 -n 1000
# Cancel

# 20210921 v6 only human for presen slides
ruby scripts/genetics_diffusion_v6_only_human.rb -hm 0.0 -n 500

# NX, after this search parameters to finish soon in only human + no spatial structure
ruby genetics_diffusion_v6_only_human_no_spatial_structure.rb -hm 0.0 -n 500 -s 123

# 20210922 search fast fixization
# ruby scripts/genetics_diffusion_v6_only_human_no_spatial_structure.rb -hm 0.0 -n 500 -s 4573
bash search_fast_fix_only_human_no_space.sh




# 20210922
# reduced gif anime resolution, skip each 10 generation
ruby genetics_diffusion_v6_only_human_no_spatial_structure.rb -hm 0.0 -hd 0.2 -n 1000

# no mutation, human, crop, language, running
ruby scripts/genetics_diffusion_v6.rb -hd 0.2 -cd 0.2 -ld 0.2 -hm 0.0 -cm 0.0 -lm 0.0 -n 500

# NX
# small mutation, human, crop, language
ruby scripts/genetics_diffusion_v6.rb -hd 0.2 -cd 0.2 -ld 0.2 -hm 0.001 -cm 0.001 -lm 0.001 -n 500


